[INFO] 2024/01/16 14:16:28 {"event":"SERVICE_INIT","listen":":8000"}
[WARN] 2024/01/16 14:21:15 {"event":"LOGIN_ATTEMPT","from":"::1","status":"fail","user":"<EMPTY>"}
[WARN] 2024/01/16 14:21:20 {"event":"LOGIN_ATTEMPT","from":"::1","status":"fail","user":"<EMPTY>"}
[WARN] 2024/01/16 14:21:35 {"event":"LOGIN_ATTEMPT","from":"::1","status":"fail","user":"<EMPTY>"}
[WARN] 2024/01/16 14:21:46 {"event":"LOGIN_ATTEMPT","from":"::1","status":"fail","user":"<EMPTY>"}
[WARN] 2024/01/16 14:35:46 {"event":"SERVICE_EXITING"}
[WARN] 2024/01/16 14:35:49 {"event":"SERVICE_EXIT","status":"success"}
[INFO] 2024/01/16 14:35:52 {"event":"SERVICE_INIT","listen":":8000"}
[WARN] 2024/01/16 14:36:42 {"event":"LOGIN_ATTEMPT","from":"::1","status":"fail","user":"<EMPTY>"}
[WARN] 2024/01/16 14:37:35 {"event":"LOGIN_ATTEMPT","from":"::1","status":"fail","user":"<EMPTY>"}
[WARN] 2024/01/16 14:37:57 {"event":"LOGIN_ATTEMPT","from":"::1","status":"fail","user":"<EMPTY>"}
[WARN] 2024/01/16 14:38:02 {"event":"LOGIN_ATTEMPT","from":"::1","status":"fail","user":"<EMPTY>"}
[WARN] 2024/01/16 14:38:24 {"event":"LOGIN_ATTEMPT","from":"::1","status":"fail","user":"<EMPTY>"}
[WARN] 2024/01/16 14:38:34 {"event":"LOGIN_ATTEMPT","from":"::1","status":"fail","user":"<EMPTY>"}
[WARN] 2024/01/16 14:38:58 {"event":"LOGIN_ATTEMPT","from":"::1","status":"fail","user":"<EMPTY>"}
[WARN] 2024/01/16 14:39:14 {"event":"LOGIN_ATTEMPT","from":"::1","status":"fail","user":"<EMPTY>"}
[WARN] 2024/01/16 14:43:01 {"event":"LOGIN_ATTEMPT","from":"::1","status":"fail","user":"<EMPTY>"}
[WARN] 2024/01/16 14:43:08 {"event":"LOGIN_ATTEMPT","from":"::1","status":"fail","user":"<EMPTY>"}
[WARN] 2024/01/16 14:43:41 {"event":"LOGIN_ATTEMPT","from":"::1","status":"fail","user":"<EMPTY>"}
[WARN] 2024/01/16 14:45:11 {"event":"LOGIN_ATTEMPT","from":"::1","status":"fail","user":"<EMPTY>"}
[WARN] 2024/01/16 14:46:03 {"event":"SERVICE_EXITING"}
[WARN] 2024/01/16 14:46:06 {"event":"SERVICE_EXIT","status":"success"}
[INFO] 2024/01/16 14:46:09 {"event":"SERVICE_INIT","listen":":8000"}
[WARN] 2024/01/16 14:46:51 {"event":"SERVICE_EXITING"}
[WARN] 2024/01/16 14:46:54 {"event":"SERVICE_EXIT","status":"success"}
[INFO] 2024/01/16 14:46:56 {"event":"SERVICE_INIT","listen":":8000"}
[WARN] 2024/01/16 14:47:01 {"event":"LOGIN_ATTEMPT","from":"::1","status":"fail","user":"<EMPTY>"}
[WARN] 2024/01/16 14:47:06 {"event":"LOGIN_ATTEMPT","from":"::1","status":"fail","user":"<EMPTY>"}
[WARN] 2024/01/16 14:47:10 {"event":"LOGIN_ATTEMPT","from":"::1","status":"fail","user":"<EMPTY>"}
[WARN] 2024/01/16 14:47:18 {"event":"LOGIN_ATTEMPT","from":"::1","status":"fail","user":"<EMPTY>"}
[WARN] 2024/01/16 14:50:53 {"event":"LOGIN_ATTEMPT","from":"::1","status":"fail","user":"<EMPTY>"}
[WARN] 2024/01/16 14:50:59 {"event":"LOGIN_ATTEMPT","from":"::1","status":"success","user":"username"}
[WARN] 2024/01/16 14:51:47 {"event":"LOGIN_ATTEMPT","from":"::1","status":"fail","user":"<EMPTY>"}
[WARN] 2024/01/16 14:52:36 {"event":"LOGIN_ATTEMPT","from":"::1","status":"success","user":"username"}
[WARN] 2024/01/16 14:55:45 {"event":"LOGIN_ATTEMPT","from":"::1","status":"success","user":"username"}
[WARN] 2024/01/16 15:11:05 {"event":"SERVICE_EXITING"}
[WARN] 2024/01/16 15:11:08 {"event":"SERVICE_EXIT","status":"success"}
[INFO] 2024/01/16 15:11:10 {"event":"SERVICE_INIT","listen":":8000"}
[WARN] 2024/01/16 15:11:13 {"event":"LOGIN_ATTEMPT","from":"::1","status":"success","user":"username"}
[WARN] 2024/01/16 15:12:48 {"event":"SERVICE_EXITING"}
[WARN] 2024/01/16 15:12:51 {"event":"SERVICE_EXIT","status":"success"}
[INFO] 2024/01/16 15:12:54 {"event":"SERVICE_INIT","listen":":8000"}
[WARN] 2024/01/16 15:12:55 {"event":"LOGIN_ATTEMPT","from":"::1","status":"success","user":"username"}
[WARN] 2024/01/16 15:14:23 {"event":"SERVICE_EXITING"}
[WARN] 2024/01/16 15:14:26 {"event":"SERVICE_EXIT","status":"success"}
[INFO] 2024/01/16 15:14:28 {"event":"SERVICE_INIT","listen":":8000"}
[WARN] 2024/01/16 15:14:31 {"event":"LOGIN_ATTEMPT","from":"::1","status":"success","user":"username"}
[WARN] 2024/01/16 15:14:57 {"event":"SERVICE_EXITING"}
[WARN] 2024/01/16 15:15:00 {"event":"SERVICE_EXIT","status":"success"}
[INFO] 2024/01/16 15:15:20 {"event":"SERVICE_INIT","listen":":8000"}
[WARN] 2024/01/16 15:15:23 {"event":"LOGIN_ATTEMPT","from":"::1","status":"success","user":"username"}
[WARN] 2024/01/16 15:16:57 {"event":"SERVICE_EXITING"}
[WARN] 2024/01/16 15:17:00 {"event":"SERVICE_EXIT","status":"success"}
[INFO] 2024/01/16 15:17:09 {"event":"SERVICE_INIT","listen":":8000"}
[WARN] 2024/01/16 15:17:11 {"event":"LOGIN_ATTEMPT","from":"::1","status":"success","user":"username"}
[WARN] 2024/01/16 15:17:47 {"event":"LOGIN_ATTEMPT","from":"::1","status":"fail","user":"<EMPTY>"}
[WARN] 2024/01/16 15:18:07 {"event":"LOGIN_ATTEMPT","from":"::1","status":"success","user":"username"}
[WARN] 2024/01/16 15:22:40 {"event":"SERVICE_EXITING"}
[WARN] 2024/01/16 15:22:43 {"event":"SERVICE_EXIT","status":"success"}
[INFO] 2024/01/16 15:23:15 {"event":"SERVICE_INIT","listen":":8001"}
[WARN] 2024/01/16 15:23:17 {"event":"LOGIN_ATTEMPT","from":"::1","status":"fail","user":"<EMPTY>"}
[WARN] 2024/01/16 15:23:20 {"event":"LOGIN_ATTEMPT","from":"::1","status":"fail","user":"<EMPTY>"}
[WARN] 2024/01/16 15:23:23 {"event":"LOGIN_ATTEMPT","from":"::1","status":"fail","user":"<EMPTY>"}
[WARN] 2024/01/16 15:23:26 {"event":"LOGIN_ATTEMPT","from":"::1","status":"fail","user":"<EMPTY>"}
[WARN] 2024/01/16 15:23:29 {"event":"LOGIN_ATTEMPT","from":"::1","status":"fail","user":"<EMPTY>"}
[WARN] 2024/01/16 15:23:34 {"event":"LOGIN_ATTEMPT","from":"::1","status":"success","user":"username"}
[WARN] 2024/01/16 17:45:17 {"event":"SERVICE_EXITING"}
[WARN] 2024/01/16 17:45:20 {"event":"SERVICE_EXIT","status":"success"}
[INFO] 2024/01/16 17:45:24 {"event":"SERVICE_INIT","listen":":8001"}
[WARN] 2024/01/16 17:45:24 {"event":"LOGIN_ATTEMPT","from":"::1","status":"success","user":"username"}
[WARN] 2024/01/16 21:52:00 {"event":"LOGIN_ATTEMPT","from":"::1","status":"success","user":"username"}
[WARN] 2024/01/16 23:50:59 {"event":"SERVICE_EXITING"}
[WARN] 2024/01/16 23:51:02 {"event":"SERVICE_EXIT","status":"success"}
[INFO] 2024/01/16 23:51:05 {"event":"SERVICE_INIT","listen":":8001"}
[WARN] 2024/01/16 23:51:08 {"event":"LOGIN_ATTEMPT","from":"::1","status":"success","user":"username"}
