[INFO] 2024/01/17 00:09:03 {"event":"SERVICE_INIT","listen":":8001"}
[WARN] 2024/01/17 00:10:23 {"event":"LOGIN_ATTEMPT","from":"::1","status":"fail","user":"<EMPTY>"}
[WARN] 2024/01/17 00:10:29 {"event":"LOGIN_ATTEMPT","from":"::1","status":"success","user":"username"}
[WARN] 2024/01/17 00:19:24 {"event":"LOGIN_ATTEMPT","from":"127.0.0.1","status":"fail","user":"<EMPTY>"}
[WARN] 2024/01/17 01:32:52 {"event":"SERVICE_EXITING"}
[WARN] 2024/01/17 01:32:55 {"event":"SERVICE_EXIT","status":"success"}
[INFO] 2024/01/17 01:32:59 {"event":"SERVICE_INIT","listen":":8001"}
[WARN] 2024/01/17 01:33:00 {"event":"LOGIN_ATTEMPT","from":"::1","status":"success","user":"username"}
[WARN] 2024/01/17 01:34:26 {"event":"LOGIN_ATTEMPT","from":"::1","status":"success","user":"username"}
[WARN] 2024/01/17 01:50:07 {"event":"SERVICE_EXITING"}
[WARN] 2024/01/17 01:50:10 {"event":"SERVICE_EXIT","status":"success"}
[INFO] 2024/01/17 01:52:00 {"event":"SERVICE_INIT","listen":":8001"}
[WARN] 2024/01/17 01:52:05 {"event":"LOGIN_ATTEMPT","from":"::1","status":"success","user":"username"}
[WARN] 2024/01/17 01:54:23 {"event":"SERVICE_EXITING"}
[WARN] 2024/01/17 01:54:26 {"event":"SERVICE_EXIT","status":"success"}
[INFO] 2024/01/17 01:54:39 {"event":"SERVICE_INIT","listen":":8001"}
[WARN] 2024/01/17 01:54:46 {"event":"LOGIN_ATTEMPT","from":"::1","status":"success","user":"username"}
[WARN] 2024/01/17 01:57:56 {"event":"SERVICE_EXITING"}
[WARN] 2024/01/17 01:57:59 {"event":"SERVICE_EXIT","status":"success"}
[INFO] 2024/01/17 02:03:52 {"event":"SERVICE_INIT","listen":":8001"}
[WARN] 2024/01/17 02:04:03 {"event":"LOGIN_ATTEMPT","from":"::1","status":"success","user":"username"}
[WARN] 2024/01/17 02:05:05 {"event":"LOGIN_ATTEMPT","from":"::1","status":"success","user":"username"}
[WARN] 2024/01/17 02:06:38 {"event":"SERVICE_EXITING"}
[WARN] 2024/01/17 02:06:41 {"event":"SERVICE_EXIT","status":"success"}
[INFO] 2024/01/17 02:06:59 {"event":"SERVICE_INIT","listen":":8001"}
[WARN] 2024/01/17 02:07:27 {"event":"LOGIN_ATTEMPT","from":"::1","status":"success","user":"username"}
[WARN] 2024/01/17 02:08:55 {"event":"SERVICE_EXITING"}
[WARN] 2024/01/17 02:08:58 {"event":"SERVICE_EXIT","status":"success"}
[INFO] 2024/01/17 02:09:19 {"event":"SERVICE_INIT","listen":":8001"}
[WARN] 2024/01/17 02:09:28 {"event":"LOGIN_ATTEMPT","from":"::1","status":"success","user":"username"}
